State table
-----------

state 0

   *start* --> . lines *eoi*    (rule 1)

   *default* : Error
   error : shift and goto state 6
   ID : shift and goto state 5
   NUM : shift and goto state 4
   LPAREN : shift and goto state 3
   NEWLINE : shift and goto state 2
   - : shift and goto state 1

state 1

   expr --> - . expr    (rule 13)

   *default* : Error
   ID : shift and goto state 11
   NUM : shift and goto state 4
   LPAREN : shift and goto state 3
   - : shift and goto state 1

state 2

   line --> NEWLINE .    (rule 6)

   *default* : reduce using rule 6

state 3

   expr --> LPAREN . expr RPAREN    (rule 17)

   *default* : Error
   ID : shift and goto state 11
   NUM : shift and goto state 4
   LPAREN : shift and goto state 3
   - : shift and goto state 1

state 4

   expr --> NUM .    (rule 16)

   *default* : reduce using rule 16

state 5

   assign --> ID . = expr    (rule 8)
   expr --> ID .    (rule 14)
   expr --> ID . LPAREN args RPAREN    (rule 15)

   *default* : reduce using rule 14
   = : shift and goto state 15
   LPAREN : shift and goto state 14

state 6

   line --> error . NEWLINE    (rule 7)

   *default* : Error
   NEWLINE : shift and goto state 16

state 7

   line --> expr . NEWLINE    (rule 5)
   expr --> expr . + expr    (rule 9)
   expr --> expr . - expr    (rule 10)
   expr --> expr . * expr    (rule 11)
   expr --> expr . / expr    (rule 12)

   *default* : Error
   NEWLINE : shift and goto state 21
   + : shift and goto state 20
   - : shift and goto state 19
   * : shift and goto state 18
   / : shift and goto state 17

state 8

   line --> assign . NEWLINE    (rule 4)

   *default* : Error
   NEWLINE : shift and goto state 22

state 9

   lines --> line .    (rule 3)

   *default* : reduce using rule 3

state 10

   *start* --> lines . *eoi*    (rule 1)
   lines --> lines . line    (rule 2)

   *default* : Error
   *eoi* : shift and goto state 23
   error : shift and goto state 6
   ID : shift and goto state 5
   NUM : shift and goto state 4
   LPAREN : shift and goto state 3
   NEWLINE : shift and goto state 2
   - : shift and goto state 1

state 11

   expr --> ID .    (rule 14)
   expr --> ID . LPAREN args RPAREN    (rule 15)

   *default* : reduce using rule 14
   LPAREN : shift and goto state 14

state 12

   expr --> expr . + expr    (rule 9)
   expr --> expr . - expr    (rule 10)
   expr --> expr . * expr    (rule 11)
   expr --> expr . / expr    (rule 12)
   expr --> - expr .    (rule 13)

   *default* : reduce using rule 13
   / : shift and goto state 17
   * : shift and goto state 18

state 13

   expr --> expr . + expr    (rule 9)
   expr --> expr . - expr    (rule 10)
   expr --> expr . * expr    (rule 11)
   expr --> expr . / expr    (rule 12)
   expr --> LPAREN expr . RPAREN    (rule 17)

   *default* : Error
   RPAREN : shift and goto state 25
   + : shift and goto state 20
   - : shift and goto state 19
   * : shift and goto state 18
   / : shift and goto state 17

state 14

   expr --> ID LPAREN . args RPAREN    (rule 15)

   *default* : reduce using rule 18
   ID : shift and goto state 11
   NUM : shift and goto state 4
   LPAREN : shift and goto state 3
   - : shift and goto state 1

state 15

   assign --> ID = . expr    (rule 8)

   *default* : Error
   ID : shift and goto state 11
   NUM : shift and goto state 4
   LPAREN : shift and goto state 3
   - : shift and goto state 1

state 16

   line --> error NEWLINE .    (rule 7)

   *default* : reduce using rule 7

state 17

   expr --> expr / . expr    (rule 12)

   *default* : Error
   ID : shift and goto state 11
   NUM : shift and goto state 4
   LPAREN : shift and goto state 3
   - : shift and goto state 1

state 18

   expr --> expr * . expr    (rule 11)

   *default* : Error
   ID : shift and goto state 11
   NUM : shift and goto state 4
   LPAREN : shift and goto state 3
   - : shift and goto state 1

state 19

   expr --> expr - . expr    (rule 10)

   *default* : Error
   ID : shift and goto state 11
   NUM : shift and goto state 4
   LPAREN : shift and goto state 3
   - : shift and goto state 1

state 20

   expr --> expr + . expr    (rule 9)

   *default* : Error
   ID : shift and goto state 11
   NUM : shift and goto state 4
   LPAREN : shift and goto state 3
   - : shift and goto state 1

state 21

   line --> expr NEWLINE .    (rule 5)

   *default* : reduce using rule 5

state 22

   line --> assign NEWLINE .    (rule 4)

   *default* : reduce using rule 4

state 23

   *start* --> lines *eoi* .    (rule 1)

   *default* : reduce using rule 1
   *eoi* : Accept input

state 24

   lines --> lines line .    (rule 2)

   *default* : reduce using rule 2

state 25

   expr --> LPAREN expr RPAREN .    (rule 17)

   *default* : reduce using rule 17

state 26

   expr --> ID LPAREN args . RPAREN    (rule 15)

   *default* : Error
   RPAREN : shift and goto state 33

state 27

   expr --> expr . + expr    (rule 9)
   expr --> expr . - expr    (rule 10)
   expr --> expr . * expr    (rule 11)
   expr --> expr . / expr    (rule 12)
   args --> expr . arg-rest    (rule 19)

   *default* : reduce using rule 21
   COMMA : shift and goto state 34
   + : shift and goto state 20
   - : shift and goto state 19
   * : shift and goto state 18
   / : shift and goto state 17

state 28

   assign --> ID = expr .    (rule 8)
   expr --> expr . + expr    (rule 9)
   expr --> expr . - expr    (rule 10)
   expr --> expr . * expr    (rule 11)
   expr --> expr . / expr    (rule 12)

   *default* : reduce using rule 8
   + : shift and goto state 20
   - : shift and goto state 19
   * : shift and goto state 18
   / : shift and goto state 17

state 29

   expr --> expr . + expr    (rule 9)
   expr --> expr . - expr    (rule 10)
   expr --> expr . * expr    (rule 11)
   expr --> expr . / expr    (rule 12)
   expr --> expr / expr .    (rule 12)

   *default* : reduce using rule 12

state 30

   expr --> expr . + expr    (rule 9)
   expr --> expr . - expr    (rule 10)
   expr --> expr . * expr    (rule 11)
   expr --> expr * expr .    (rule 11)
   expr --> expr . / expr    (rule 12)

   *default* : reduce using rule 11

state 31

   expr --> expr . + expr    (rule 9)
   expr --> expr . - expr    (rule 10)
   expr --> expr - expr .    (rule 10)
   expr --> expr . * expr    (rule 11)
   expr --> expr . / expr    (rule 12)

   *default* : reduce using rule 10
   / : shift and goto state 17
   * : shift and goto state 18

state 32

   expr --> expr . + expr    (rule 9)
   expr --> expr + expr .    (rule 9)
   expr --> expr . - expr    (rule 10)
   expr --> expr . * expr    (rule 11)
   expr --> expr . / expr    (rule 12)

   *default* : reduce using rule 9
   / : shift and goto state 17
   * : shift and goto state 18

state 33

   expr --> ID LPAREN args RPAREN .    (rule 15)

   *default* : reduce using rule 15

state 34

   arg-rest --> COMMA . expr arg-rest    (rule 20)

   *default* : Error
   ID : shift and goto state 11
   NUM : shift and goto state 4
   LPAREN : shift and goto state 3
   - : shift and goto state 1

state 35

   args --> expr arg-rest .    (rule 19)

   *default* : reduce using rule 19

state 36

   expr --> expr . + expr    (rule 9)
   expr --> expr . - expr    (rule 10)
   expr --> expr . * expr    (rule 11)
   expr --> expr . / expr    (rule 12)
   arg-rest --> COMMA expr . arg-rest    (rule 20)

   *default* : reduce using rule 21
   COMMA : shift and goto state 34
   + : shift and goto state 20
   - : shift and goto state 19
   * : shift and goto state 18
   / : shift and goto state 17

state 37

   arg-rest --> COMMA expr arg-rest .    (rule 20)

   *default* : reduce using rule 20

